<?xml version="1.0" encoding="UTF-8"?>
<testsuite xmlns:xsi="http://www.w3.org/2001/XMLSchema-instance" xsi:noNamespaceSchemaLocation="https://maven.apache.org/surefire/maven-surefire-plugin/xsd/surefire-test-report-3.0.xsd" version="3.0" name="com.rookies6.myspringbootlab.MySpringBootLabProjectApplicationTests" time="7.569" tests="1" errors="0" skipped="0" failures="0">
  <properties>
[...]
</properties>
  <testcase name="contextLoads" classname="com.rookies6.myspringbootlab.MySpringBootLabProjectApplicationTests" time="0.825">
    <system-out><![CDATA[18:02:30.988 [main] INFO org.springframework.test.context.support.AnnotationConfigContextLoaderUtils -- Could not detect default configuration classes for test class [com.rookies6.myspringbootlab.MySpringBootLabProjectApplicationTests]: MySpringBootLabProjectApplicationTests does not declare any static, non-private, non-final, nested classes annotated with @Configuration.
18:02:31.128 [main] INFO org.springframework.boot.test.context.SpringBootTestContextBootstrapper -- Found @SpringBootConfiguration com.rookies6.myspringbootlab.MySpringBootLabProjectApplication for test class com.rookies6.myspringbootlab.MySpringBootLabProjectApplicationTests
18:02:31.408 [main] INFO org.springframework.boot.devtools.restart.RestartApplicationListener -- Restart disabled due to context in which it is running
Application INFO :: MySpringBootLabProject 
Powered by Spring Boot 3.2.5
2026-09-03T18:02:31.758+09:00  INFO 37592 --- [MySpringBootLabProject] [           main] m.MySpringBootLabProjectApplicationTests : Starting MySpringBootLabProjectApplicationTests using Java 17.0.2 with PID 37592 (started by Lee in C:\Rookies06\SpringBoot\MySpringBootLabProject)
2026-09-03T18:02:31.759+09:00  INFO 37592 --- [MySpringBootLabProject] [           main] m.MySpringBootLabProjectApplicationTests : No active profile set, falling back to 1 default profile: "default"
2026-09-03T18:02:33.024+09:00  INFO 37592 --- [MySpringBootLabProject] [           main] .s.d.r.c.RepositoryConfigurationDelegate : Bootstrapping Spring Data JPA repositories in DEFAULT mode.
2026-09-03T18:02:33.054+09:00  INFO 37592 --- [MySpringBootLabProject] [           main] .s.d.r.c.RepositoryConfigurationDelegate : Finished Spring Data repository scanning in 19 ms. Found 0 JPA repository interfaces.
2026-09-03T18:02:33.968+09:00  INFO 37592 --- [MySpringBootLabProject] [           main] com.zaxxer.hikari.HikariDataSource       : HikariPool-1 - Starting...
2026-09-03T18:02:34.281+09:00  INFO 37592 --- [MySpringBootLabProject] [           main] com.zaxxer.hikari.pool.HikariPool        : HikariPool-1 - Added connection conn0: url=jdbc:h2:mem:2b891dac-5cc1-44da-ab22-fdc409605767 user=SA
2026-09-03T18:02:34.284+09:00  INFO 37592 --- [MySpringBootLabProject] [           main] com.zaxxer.hikari.HikariDataSource       : HikariPool-1 - Start completed.
2026-09-03T18:02:34.349+09:00  INFO 37592 --- [MySpringBootLabProject] [           main] o.hibernate.jpa.internal.util.LogHelper  : HHH000204: Processing PersistenceUnitInfo [name: default]
2026-09-03T18:02:34.488+09:00  INFO 37592 --- [MySpringBootLabProject] [           main] org.hibernate.Version                    : HHH000412: Hibernate ORM core version 6.4.4.Final
2026-09-03T18:02:34.557+09:00  INFO 37592 --- [MySpringBootLabProject] [           main] o.h.c.internal.RegionFactoryInitiator    : HHH000026: Second-level cache disabled
2026-09-03T18:02:34.998+09:00  INFO 37592 --- [MySpringBootLabProject] [           main] o.s.o.j.p.SpringPersistenceUnitInfo      : No LoadTimeWeaver setup: ignoring JPA class transformer
2026-09-03T18:02:35.784+09:00  INFO 37592 --- [MySpringBootLabProject] [           main] o.h.e.t.j.p.i.JtaPlatformInitiator       : HHH000489: No JTA platform available (set 'hibernate.transaction.jta.platform' to enable JTA platform integration)
2026-09-03T18:02:35.796+09:00  INFO 37592 --- [MySpringBootLabProject] [           main] j.LocalContainerEntityManagerFactoryBean : Initialized JPA EntityManagerFactory for persistence unit 'default'
2026-09-03T18:02:36.137+09:00  WARN 37592 --- [MySpringBootLabProject] [           main] JpaBaseConfiguration$JpaWebConfiguration : spring.jpa.open-in-view is enabled by default. Therefore, database queries may be performed during view rendering. Explicitly configure spring.jpa.open-in-view to disable this warning
2026-09-03T18:02:36.747+09:00  WARN 37592 --- [MySpringBootLabProject] [           main] ion$DefaultTemplateResolverConfiguration : Cannot find template location: classpath:/templates/ (please add some templates, check your Thymeleaf configuration, or set spring.thymeleaf.check-template-location=false)
2026-09-03T18:02:37.348+09:00  INFO 37592 --- [MySpringBootLabProject] [           main] o.s.b.a.e.web.EndpointLinksResolver      : Exposing 1 endpoint(s) beneath base path '/actuator'
2026-09-03T18:02:37.432+09:00  INFO 37592 --- [MySpringBootLabProject] [           main] m.MySpringBootLabProjectApplicationTests : Started MySpringBootLabProjectApplicationTests in 6.044 seconds (process running for 7.271)
2026-09-03T18:02:37.466+09:00  INFO 37592 --- [MySpringBootLabProject] [           main] c.r.myspringbootlab.runner.MyPropRunner  : MyPropProperties username = springboot
2026-09-03T18:02:37.466+09:00  INFO 37592 --- [MySpringBootLabProject] [           main] c.r.myspringbootlab.runner.MyPropRunner  : MyPropProperties port = 7
]]></system-out>
  </testcase>
</testsuite>